[2026-01-12 14:16:24] 遥操控制API服务启动 (systemctl版本)
[2026-01-12 14:16:43] VR服务器IP地址已更新为: 192.168.112.134
[2026-01-12 14:16:51] 遥操控制API服务启动 (systemctl版本)
[2026-01-12 14:16:52] 遥操控制API服务启动 (systemctl版本)
[2026-01-27 11:18:50] 遥操控制API服务启动 (systemctl版本)
[2026-01-06 11:02:19] 遥操控制API服务启动 (systemctl版本)
[2026-01-27 14:29:52] 遥操控制API服务启动 (systemctl版本)
[2026-01-27 15:16:10] VR服务器IP地址已更新为: 192.168.0.149
[2026-01-27 15:16:40] 正在重启遥操服务...
[2026-01-27 15:16:40] 普通用户权限不足，尝试使用sudo...
[2026-01-27 15:16:40] 遥操服务重启成功
[2026-01-27 15:24:22] 正在重启遥操服务...
[2026-01-27 15:24:22] 普通用户权限不足，尝试使用sudo...
[2026-01-27 15:24:23] 遥操服务重启成功
[2026-01-27 15:38:24] 遥操控制API服务启动 (systemctl版本)
[2026-01-27 15:41:14] 正在重启遥操服务...
[2026-01-27 15:41:14] 普通用户权限不足，尝试使用sudo...
[2026-01-27 15:41:15] 遥操服务重启成功
[2026-01-27 15:51:35] 正在重启遥操服务...
[2026-01-27 15:51:35] 普通用户权限不足，尝试使用sudo...
[2026-01-27 15:51:36] 遥操服务重启成功
[2026-01-27 17:01:50] 遥操控制API服务启动 (systemctl版本)
[2026-01-27 17:10:08] 正在启动遥操服务...
[2026-01-27 17:10:08] 普通用户权限不足，尝试使用sudo...
[2026-01-27 17:10:08] 遥操服务启动成功
